<?xml version="1.0" encoding="windows-1251"?>
<beans xmlns="http://www.springframework.org/schema/beans"
       xmlns:xsi="http://www.w3.org/2001/XMLSchema-instance"
       xmlns:context="http://www.springframework.org/schema/context"
       xmlns:util="http://www.springframework.org/schema/util"
       xsi:schemaLocation="http://www.springframework.org/schema/beans

        http://www.springframework.org/schema/beans/spring-beans-3.2.xsd
        http://www.springframework.org/schema/context
        http://www.springframework.org/schema/context/spring-context-3.2.xsd


        http://www.springframework.org/schema/util
        http://www.springframework.org/schema/util/spring-util-3.2.xsd">

    <context:component-scan base-package="julia.web.mvc,julia.test.junit.factory" />
    <context:property-placeholder location="classpath:settings.properties" />

    <util:map id="propertiesMap" map-class="java.util.HashMap" key-type="java.lang.String" value-type="java.lang.String">
        <entry key="dbSchema" value="${db.schema}" />
    </util:map>

</beans>